<?xml version="1.0" encoding="utf-8"?><testsuites><testsuite name="pytest" errors="0" failures="0" skipped="0" tests="52" time="4.412" timestamp="2026-08-01T23:18:40.803540+00:00" hostname="agent-env-a58237de-d933-4cc6-9303-f5bc2cc2d4ff"><testcase classname="tests.test_ai" name="test_demo_mode_is_active_without_key" time="0.000" /><testcase classname="tests.test_ai" name="test_demo_title_cleans_and_preserves_codes" time="0.001" /><testcase classname="tests.test_ai" name="test_demo_description_never_invents_specs" time="0.001" /><testcase classname="tests.test_ai" name="test_gemini_failure_surfaces_error" time="0.001" /><testcase classname="tests.test_ai_failure" name="test_gemini_failure_returns_502" time="0.483" /><testcase classname="tests.test_export" name="test_export_all_has_utf8_bom_and_turkish" time="0.104" /><testcase classname="tests.test_export" name="test_export_selected" time="0.109" /><testcase classname="tests.test_export" name="test_export_selected_empty_rejected" time="0.038" /><testcase classname="tests.test_import" name="test_csv_preview_utf8_bom" time="0.038" /><testcase classname="tests.test_import" name="test_csv_windows_1254_encoding" time="0.039" /><testcase classname="tests.test_import" name="test_reject_unsupported_extension" time="0.037" /><testcase classname="tests.test_import" name="test_reject_empty_file" time="0.040" /><testcase classname="tests.test_import" name="test_reject_no_header" time="0.042" /><testcase classname="tests.test_import" name="test_commit_partial_update_preserves_unmapped_fields" time="0.112" /><testcase classname="tests.test_import" name="test_commit_rejects_missing_sku_mapping" time="0.039" /><testcase classname="tests.test_import" name="test_commit_reports_row_errors" time="0.093" /><testcase classname="tests.test_import" name="test_sku_normalization_and_uniqueness" time="0.096" /><testcase classname="tests.test_import" name="test_number_parsing_formats" time="0.100" /><testcase classname="tests.test_import" name="test_turkish_column_auto_mapping" time="0.087" /><testcase classname="tests.test_live_integration" name="test_health_demo" time="0.130" /><testcase classname="tests.test_live_integration" name="test_products_page_zero" time="0.066" /><testcase classname="tests.test_live_integration" name="test_products_page_size_too_big" time="0.071" /><testcase classname="tests.test_live_integration" name="test_bulk_price_empty_ids" time="0.143" /><testcase classname="tests.test_live_integration" name="test_bulk_price_percent_too_big" time="0.070" /><testcase classname="tests.test_live_integration" name="test_bulk_price_never_negative" time="0.213" /><testcase classname="tests.test_live_integration" name="test_non_destructive_fill_empty" time="0.190" /><testcase classname="tests.test_live_integration" name="test_row_errors" time="0.062" /><testcase classname="tests.test_live_integration" name="test_sku_normalization" time="0.144" /><testcase classname="tests.test_live_integration" name="test_sku_uniqueness_patch_conflict" time="0.194" /><testcase classname="tests.test_live_integration" name="test_reject_xlsx" time="0.071" /><testcase classname="tests.test_live_integration" name="test_reject_empty" time="0.066" /><testcase classname="tests.test_live_integration" name="test_encoding_preserved[utf-8-sig]" time="0.067" /><testcase classname="tests.test_live_integration" name="test_encoding_preserved[utf-8]" time="0.027" /><testcase classname="tests.test_live_integration" name="test_encoding_preserved[cp1254]" time="0.070" /><testcase classname="tests.test_live_integration" name="test_encoding_preserved[iso-8859-9]" time="0.027" /><testcase classname="tests.test_live_integration" name="test_number_parsing" time="0.245" /><testcase classname="tests.test_live_integration" name="test_tr_auto_mapping" time="0.032" /><testcase classname="tests.test_live_integration" name="test_timestamps_utc_z" time="0.033" /><testcase classname="tests.test_live_integration" name="test_exports_bom" time="0.127" /><testcase classname="tests.test_live_integration" name="test_url_validation_patch" time="0.095" /><testcase classname="tests.test_products" name="test_pagination_bounds" time="0.038" /><testcase classname="tests.test_products" name="test_empty_bulk_rejected" time="0.039" /><testcase classname="tests.test_products" name="test_price_percent_limit" time="0.100" /><testcase classname="tests.test_products" name="test_bulk_price_never_negative" time="0.104" /><testcase classname="tests.test_products" name="test_products_persist_across_reads" time="0.098" /><testcase classname="tests.test_products" name="test_activity_timestamps_utc" time="0.098" /><testcase classname="tests.test_products" name="test_negative_price_rejected" time="0.065" /><testcase classname="tests.test_xml" name="test_products_wrapper_xml" time="0.037" /><testcase classname="tests.test_xml" name="test_items_wrapper_xml" time="0.036" /><testcase classname="tests.test_xml" name="test_rss_channel_item_xml" time="0.037" /><testcase classname="tests.test_xml" name="test_google_merchant_like_xml" time="0.037" /><testcase classname="tests.test_xml" name="test_unrecognized_xml_structure_rejected" time="0.039" /></testsuite></testsuites>