<?xml version="1.0" encoding="utf-8"?><testsuites><testsuite name="pytest" errors="0" failures="1" skipped="0" tests="89" time="13.452" timestamp="2026-08-02T00:29:19.462972+00:00" hostname="agent-env-a58237de-d933-4cc6-9303-f5bc2cc2d4ff"><testcase classname="tests.test_accounting" name="test_no_change_counts_as_skipped" time="0.526" /><testcase classname="tests.test_accounting" name="test_single_field_change_counts_as_updated" time="0.175" /><testcase classname="tests.test_accounting" name="test_failed_row_does_not_undo_prior_success" time="0.169" /><testcase classname="tests.test_accounting" name="test_fill_empty_preserves_non_empty_stock" time="0.171" /><testcase classname="tests.test_accounting" name="test_replace_mode_overwrites_stock" time="0.175" /><testcase classname="tests.test_ai" name="test_demo_mode_is_active_without_key" time="0.000" /><testcase classname="tests.test_ai" name="test_demo_title_cleans_and_preserves_codes" time="0.001" /><testcase classname="tests.test_ai" name="test_demo_description_never_invents_specs" time="0.000" /><testcase classname="tests.test_ai" name="test_gemini_failure_surfaces_error" time="0.000" /><testcase classname="tests.test_ai_failure" name="test_gemini_failure_returns_502" time="0.093" /><testcase classname="tests.test_export" name="test_export_all_has_utf8_bom_and_turkish" time="0.197" /><testcase classname="tests.test_export" name="test_export_selected" time="0.163" /><testcase classname="tests.test_export" name="test_export_selected_empty_rejected" time="0.084" /><testcase classname="tests.test_import" name="test_csv_preview_utf8_bom" time="0.090" /><testcase classname="tests.test_import" name="test_csv_windows_1254_encoding" time="0.084" /><testcase classname="tests.test_import" name="test_reject_unsupported_extension" time="0.085" /><testcase classname="tests.test_import" name="test_reject_empty_file" time="0.085" /><testcase classname="tests.test_import" name="test_reject_no_header" time="0.137" /><testcase classname="tests.test_import" name="test_commit_partial_update_preserves_unmapped_fields" time="0.175" /><testcase classname="tests.test_import" name="test_commit_rejects_missing_sku_mapping" time="0.090" /><testcase classname="tests.test_import" name="test_commit_reports_row_errors" time="0.180" /><testcase classname="tests.test_import" name="test_sku_normalization_and_uniqueness" time="0.159" /><testcase classname="tests.test_import" name="test_number_parsing_formats" time="0.175" /><testcase classname="tests.test_import" name="test_turkish_column_auto_mapping" time="0.082" /><testcase classname="tests.test_live_integration" name="test_health_demo" time="0.242" /><testcase classname="tests.test_live_integration" name="test_products_page_zero" time="0.039" /><testcase classname="tests.test_live_integration" name="test_products_page_size_too_big" time="0.034" /><testcase classname="tests.test_live_integration" name="test_bulk_price_empty_ids" time="0.034" /><testcase classname="tests.test_live_integration" name="test_bulk_price_percent_too_big" time="0.112" /><testcase classname="tests.test_live_integration" name="test_bulk_price_never_negative" time="0.230" /><testcase classname="tests.test_live_integration" name="test_non_destructive_fill_empty" time="0.266" /><testcase classname="tests.test_live_integration" name="test_row_errors" time="0.156" /><testcase classname="tests.test_live_integration" name="test_sku_normalization" time="0.127" /><testcase classname="tests.test_live_integration" name="test_sku_uniqueness_patch_conflict" time="0.240" /><testcase classname="tests.test_live_integration" name="test_reject_xlsx" time="0.077" /><testcase classname="tests.test_live_integration" name="test_reject_empty" time="0.034" /><testcase classname="tests.test_live_integration" name="test_encoding_preserved[utf-8-sig]" time="0.034" /><testcase classname="tests.test_live_integration" name="test_encoding_preserved[utf-8]" time="0.075" /><testcase classname="tests.test_live_integration" name="test_encoding_preserved[cp1254]" time="0.076" /><testcase classname="tests.test_live_integration" name="test_encoding_preserved[iso-8859-9]" time="0.078" /><testcase classname="tests.test_live_integration" name="test_number_parsing" time="0.297" /><testcase classname="tests.test_live_integration" name="test_tr_auto_mapping" time="0.076" /><testcase classname="tests.test_live_integration" name="test_timestamps_utc_z" time="0.037" /><testcase classname="tests.test_live_integration" name="test_exports_bom" time="0.164" /><testcase classname="tests.test_live_integration" name="test_url_validation_patch" time="0.072" /><testcase classname="tests.test_phase2_1" name="test_ai_description_resolves_original_missing_description" time="0.186" /><testcase classname="tests.test_phase2_1" name="test_missing_price_still_blocks_approval" time="0.175" /><testcase classname="tests.test_phase2_1" name="test_ready_to_publish_export_uses_effective_content" time="0.184" /><testcase classname="tests.test_phase2_1" name="test_patch_reanalyzes_and_updates_workflow" time="0.173" /><testcase classname="tests.test_phase2_1" name="test_patch_preserves_active_suggestion_and_history" time="0.225" /><testcase classname="tests.test_phase2_1" name="test_bulk_suggest_partial_success_persists" time="0.196"><failure message="assert None is not None">tests/test_phase2_1.py:141: in test_bulk_suggest_partial_success_persists
    assert p1_after["active_suggestion_id"] is not None
E   assert None is not None</failure></testcase><testcase classname="tests.test_phase2_1" name="test_bulk_approve_skips_when_original_price_invalid" time="0.174" /><testcase classname="tests.test_phase2_1" name="test_bulk_approve_still_counts_only_publishable_as_approved" time="0.201" /><testcase classname="tests.test_products" name="test_pagination_bounds" time="0.087" /><testcase classname="tests.test_products" name="test_empty_bulk_rejected" time="0.087" /><testcase classname="tests.test_products" name="test_price_percent_limit" time="0.206" /><testcase classname="tests.test_products" name="test_bulk_price_never_negative" time="0.197" /><testcase classname="tests.test_products" name="test_products_persist_across_reads" time="0.163" /><testcase classname="tests.test_products" name="test_activity_timestamps_utc" time="0.157" /><testcase classname="tests.test_products" name="test_negative_price_rejected" time="0.116" /><testcase classname="tests.test_quality" name="test_analyze_returns_score_and_issues" time="0.164" /><testcase classname="tests.test_quality" name="test_score_clamped_between_0_and_100" time="0.219" /><testcase classname="tests.test_quality" name="test_perfect_product_scores_100" time="0.144" /><testcase classname="tests.test_quality" name="test_analysis_is_idempotent" time="0.168" /><testcase classname="tests.test_quality" name="test_status_transition_needs_attention_when_critical" time="0.165" /><testcase classname="tests.test_quality" name="test_duplicate_title_detected" time="0.167" /><testcase classname="tests.test_quality" name="test_analyze_all_processes_every_product" time="0.224" /><testcase classname="tests.test_quality" name="test_import_auto_analyzes" time="0.155" /><testcase classname="tests.test_suggestions" name="test_demo_suggestion_is_conservative" time="0.001" /><testcase classname="tests.test_suggestions" name="test_gemini_failure_prevents_persisted_suggestion" time="0.423" /><testcase classname="tests.test_suggestions" name="test_ai_never_overwrites_original" time="0.214" /><testcase classname="tests.test_suggestions" name="test_bulk_suggest_stops_on_provider_failure" time="0.365" /><testcase classname="tests.test_workflow" name="test_suggest_creates_draft_and_does_not_touch_original" time="0.173" /><testcase classname="tests.test_workflow" name="test_edit_suggestion_persists" time="0.174" /><testcase classname="tests.test_workflow" name="test_approve_transitions_to_ready_to_publish" time="0.169" /><testcase classname="tests.test_workflow" name="test_approve_with_blocking_issues_stays_approved" time="0.231" /><testcase classname="tests.test_workflow" name="test_reject_returns_status_to_quality_based" time="0.173" /><testcase classname="tests.test_workflow" name="test_revision_history_records_and_revert_restores" time="0.200" /><testcase classname="tests.test_workflow" name="test_bulk_approve_eligibility" time="0.198" /><testcase classname="tests.test_workflow" name="test_bulk_analyze" time="0.184" /><testcase classname="tests.test_workflow" name="test_ready_to_publish_export" time="0.243" /><testcase classname="tests.test_workflow" name="test_dashboard_merchant_stats" time="0.166" /><testcase classname="tests.test_workflow" name="test_workflow_status_filter" time="0.228" /><testcase classname="tests.test_workflow" name="test_score_bucket_filter" time="0.160" /><testcase classname="tests.test_xml" name="test_products_wrapper_xml" time="0.087" /><testcase classname="tests.test_xml" name="test_items_wrapper_xml" time="0.087" /><testcase classname="tests.test_xml" name="test_rss_channel_item_xml" time="0.089" /><testcase classname="tests.test_xml" name="test_google_merchant_like_xml" time="0.148" /><testcase classname="tests.test_xml" name="test_unrecognized_xml_structure_rejected" time="0.086" /></testsuite></testsuites>